mode: set
github.com/gittuf/gittuf/internal/attestations/attestations.go:43.84,45.16 2 0
github.com/gittuf/gittuf/internal/attestations/attestations.go:45.16,46.47 1 0
github.com/gittuf/gittuf/internal/attestations/attestations.go:46.47,48.4 1 0
github.com/gittuf/gittuf/internal/attestations/attestations.go:50.3,50.30 1 0
github.com/gittuf/gittuf/internal/attestations/attestations.go:53.2,53.46 1 0
github.com/gittuf/gittuf/internal/attestations/attestations.go:58.112,59.26 1 0
github.com/gittuf/gittuf/internal/attestations/attestations.go:59.26,61.3 1 0
github.com/gittuf/gittuf/internal/attestations/attestations.go:63.2,64.16 2 0
github.com/gittuf/gittuf/internal/attestations/attestations.go:64.16,66.3 1 0
github.com/gittuf/gittuf/internal/attestations/attestations.go:68.2,69.16 2 0
github.com/gittuf/gittuf/internal/attestations/attestations.go:69.16,71.3 1 0
github.com/gittuf/gittuf/internal/attestations/attestations.go:73.2,73.28 1 0
github.com/gittuf/gittuf/internal/attestations/attestations.go:73.28,78.3 1 0
github.com/gittuf/gittuf/internal/attestations/attestations.go:80.2,85.41 2 0
github.com/gittuf/gittuf/internal/attestations/attestations.go:85.41,86.10 1 0
github.com/gittuf/gittuf/internal/attestations/attestations.go:87.74,88.117 1 0
github.com/gittuf/gittuf/internal/attestations/attestations.go:89.80,90.129 1 0
github.com/gittuf/gittuf/internal/attestations/attestations.go:94.2,94.26 1 0
github.com/gittuf/gittuf/internal/attestations/attestations.go:100.107,101.29 1 0
github.com/gittuf/gittuf/internal/attestations/attestations.go:101.29,103.3 1 0
github.com/gittuf/gittuf/internal/attestations/attestations.go:105.2,108.54 3 0
github.com/gittuf/gittuf/internal/attestations/attestations.go:108.54,110.3 1 0
github.com/gittuf/gittuf/internal/attestations/attestations.go:111.2,111.60 1 0
github.com/gittuf/gittuf/internal/attestations/attestations.go:111.60,113.3 1 0
github.com/gittuf/gittuf/internal/attestations/attestations.go:115.2,116.16 2 0
github.com/gittuf/gittuf/internal/attestations/attestations.go:116.16,118.3 1 0
github.com/gittuf/gittuf/internal/attestations/attestations.go:120.2,121.16 2 0
github.com/gittuf/gittuf/internal/attestations/attestations.go:121.16,122.57 1 0
github.com/gittuf/gittuf/internal/attestations/attestations.go:122.57,124.4 1 0
github.com/gittuf/gittuf/internal/attestations/attestations.go:127.2,128.16 2 0
github.com/gittuf/gittuf/internal/attestations/attestations.go:128.16,130.3 1 0
github.com/gittuf/gittuf/internal/attestations/attestations.go:134.2,134.89 1 0
github.com/gittuf/gittuf/internal/attestations/attestations.go:134.89,135.30 1 0
github.com/gittuf/gittuf/internal/attestations/attestations.go:135.30,137.4 1 0
github.com/gittuf/gittuf/internal/attestations/attestations.go:139.3,139.13 1 0
github.com/gittuf/gittuf/internal/attestations/attestations.go:142.2,142.12 1 0
github.com/gittuf/gittuf/internal/attestations/authorization.go:44.104,52.16 3 1
github.com/gittuf/gittuf/internal/attestations/authorization.go:52.16,54.3 1 0
github.com/gittuf/gittuf/internal/attestations/authorization.go:56.2,57.75 2 1
github.com/gittuf/gittuf/internal/attestations/authorization.go:57.75,59.3 1 0
github.com/gittuf/gittuf/internal/attestations/authorization.go:61.2,62.16 2 1
github.com/gittuf/gittuf/internal/attestations/authorization.go:62.16,64.3 1 0
github.com/gittuf/gittuf/internal/attestations/authorization.go:66.2,75.8 1 1
github.com/gittuf/gittuf/internal/attestations/authorization.go:80.158,81.99 1 0
github.com/gittuf/gittuf/internal/attestations/authorization.go:81.99,83.3 1 0
github.com/gittuf/gittuf/internal/attestations/authorization.go:85.2,86.16 2 0
github.com/gittuf/gittuf/internal/attestations/authorization.go:86.16,88.3 1 0
github.com/gittuf/gittuf/internal/attestations/authorization.go:90.2,91.16 2 0
github.com/gittuf/gittuf/internal/attestations/authorization.go:91.16,93.3 1 0
github.com/gittuf/gittuf/internal/attestations/authorization.go:95.2,95.38 1 0
github.com/gittuf/gittuf/internal/attestations/authorization.go:95.38,97.3 1 0
github.com/gittuf/gittuf/internal/attestations/authorization.go:99.2,100.12 2 0
github.com/gittuf/gittuf/internal/attestations/authorization.go:106.105,108.57 2 0
github.com/gittuf/gittuf/internal/attestations/authorization.go:108.57,110.3 1 0
github.com/gittuf/gittuf/internal/attestations/authorization.go:112.2,113.12 2 0
github.com/gittuf/gittuf/internal/attestations/authorization.go:118.159,120.10 2 0
github.com/gittuf/gittuf/internal/attestations/authorization.go:120.10,122.3 1 0
github.com/gittuf/gittuf/internal/attestations/authorization.go:124.2,125.16 2 0
github.com/gittuf/gittuf/internal/attestations/authorization.go:125.16,127.3 1 0
github.com/gittuf/gittuf/internal/attestations/authorization.go:129.2,130.54 2 0
github.com/gittuf/gittuf/internal/attestations/authorization.go:130.54,132.3 1 0
github.com/gittuf/gittuf/internal/attestations/authorization.go:134.2,134.99 1 0
github.com/gittuf/gittuf/internal/attestations/authorization.go:134.99,136.3 1 0
github.com/gittuf/gittuf/internal/attestations/authorization.go:138.2,138.17 1 0
github.com/gittuf/gittuf/internal/attestations/authorization.go:143.70,145.2 1 0
github.com/gittuf/gittuf/internal/attestations/authorization.go:147.116,149.16 2 1
github.com/gittuf/gittuf/internal/attestations/authorization.go:149.16,151.3 1 0
github.com/gittuf/gittuf/internal/attestations/authorization.go:153.2,154.61 2 1
github.com/gittuf/gittuf/internal/attestations/authorization.go:154.61,156.3 1 0
github.com/gittuf/gittuf/internal/attestations/authorization.go:158.2,158.69 1 1
github.com/gittuf/gittuf/internal/attestations/authorization.go:158.69,160.3 1 0
github.com/gittuf/gittuf/internal/attestations/authorization.go:162.2,164.48 2 1
github.com/gittuf/gittuf/internal/attestations/authorization.go:164.48,166.3 1 0
github.com/gittuf/gittuf/internal/attestations/authorization.go:168.2,168.52 1 1
github.com/gittuf/gittuf/internal/attestations/authorization.go:168.52,170.3 1 0
github.com/gittuf/gittuf/internal/attestations/authorization.go:172.2,172.42 1 1
github.com/gittuf/gittuf/internal/attestations/authorization.go:172.42,174.3 1 1
github.com/gittuf/gittuf/internal/attestations/authorization.go:176.2,176.12 1 1
github.com/gittuf/gittuf/internal/attestations/github.go:22.161,24.16 2 0
github.com/gittuf/gittuf/internal/attestations/github.go:24.16,26.3 1 0
github.com/gittuf/gittuf/internal/attestations/github.go:28.2,29.69 2 0
github.com/gittuf/gittuf/internal/attestations/github.go:29.69,31.3 1 0
github.com/gittuf/gittuf/internal/attestations/github.go:33.2,34.16 2 0
github.com/gittuf/gittuf/internal/attestations/github.go:34.16,36.3 1 0
github.com/gittuf/gittuf/internal/attestations/github.go:38.2,48.8 1 0
github.com/gittuf/gittuf/internal/attestations/github.go:51.152,53.16 2 0
github.com/gittuf/gittuf/internal/attestations/github.go:53.16,55.3 1 0
github.com/gittuf/gittuf/internal/attestations/github.go:57.2,58.16 2 0
github.com/gittuf/gittuf/internal/attestations/github.go:58.16,60.3 1 0
github.com/gittuf/gittuf/internal/attestations/github.go:62.2,62.44 1 0
github.com/gittuf/gittuf/internal/attestations/github.go:62.44,64.3 1 0
github.com/gittuf/gittuf/internal/attestations/github.go:66.2,67.12 2 0
github.com/gittuf/gittuf/internal/attestations/github.go:72.72,74.2 1 0
